{"/Users/romanagarkov/Desktop/hexlet/frontend-project-lvl2/src/getDiffString.js": {"path":"/Users/romanagarkov/Desktop/hexlet/frontend-project-lvl2/src/getDiffString.js","all":false,"statementMap":{"0":{"start":{"line":1,"column":0},"end":{"line":1,"column":65}},"1":{"start":{"line":2,"column":0},"end":{"line":2,"column":0}},"2":{"start":{"line":3,"column":0},"end":{"line":3,"column":76}},"3":{"start":{"line":4,"column":0},"end":{"line":4,"column":19}},"4":{"start":{"line":5,"column":0},"end":{"line":5,"column":0}},"5":{"start":{"line":6,"column":0},"end":{"line":6,"column":32}},"6":{"start":{"line":7,"column":0},"end":{"line":7,"column":87}},"7":{"start":{"line":8,"column":0},"end":{"line":8,"column":48}},"8":{"start":{"line":9,"column":0},"end":{"line":9,"column":52}},"9":{"start":{"line":10,"column":0},"end":{"line":10,"column":7}},"10":{"start":{"line":11,"column":0},"end":{"line":11,"column":48}},"11":{"start":{"line":12,"column":0},"end":{"line":12,"column":52}},"12":{"start":{"line":13,"column":0},"end":{"line":13,"column":52}},"13":{"start":{"line":14,"column":0},"end":{"line":14,"column":7}},"14":{"start":{"line":15,"column":0},"end":{"line":15,"column":5}},"15":{"start":{"line":16,"column":0},"end":{"line":16,"column":88}},"16":{"start":{"line":17,"column":0},"end":{"line":17,"column":50}},"17":{"start":{"line":18,"column":0},"end":{"line":18,"column":5}},"18":{"start":{"line":19,"column":0},"end":{"line":19,"column":88}},"19":{"start":{"line":20,"column":0},"end":{"line":20,"column":50}},"20":{"start":{"line":21,"column":0},"end":{"line":21,"column":5}},"21":{"start":{"line":22,"column":0},"end":{"line":22,"column":5}},"22":{"start":{"line":23,"column":0},"end":{"line":23,"column":0}},"23":{"start":{"line":24,"column":0},"end":{"line":24,"column":18}},"24":{"start":{"line":25,"column":0},"end":{"line":25,"column":0}},"25":{"start":{"line":26,"column":0},"end":{"line":26,"column":16}},"26":{"start":{"line":27,"column":0},"end":{"line":27,"column":1}}},"s":{"0":1,"1":1,"2":1,"3":5,"4":4,"5":5,"6":2,"7":2,"8":2,"9":1,"10":1,"11":5,"12":5,"13":4,"14":5,"15":5,"16":5,"17":5,"18":1,"19":1,"20":1,"21":1,"22":1,"23":1,"24":1,"25":1,"26":1},"branchMap":{"0":{"type":"branch","line":1,"loc":{"start":{"line":1,"column":0},"end":{"line":20,"column":14}},"locations":[{"start":{"line":1,"column":0},"end":{"line":20,"column":14}}]},"1":{"type":"branch","line":1,"loc":{"start":{"line":1,"column":0},"end":{"line":20,"column":13}},"locations":[{"start":{"line":1,"column":0},"end":{"line":20,"column":13}}]},"2":{"type":"branch","line":3,"loc":{"start":{"line":3,"column":31},"end":{"line":19,"column":60}},"locations":[{"start":{"line":3,"column":31},"end":{"line":19,"column":60}}]},"3":{"type":"branch","line":4,"loc":{"start":{"line":4,"column":10},"end":{"line":6,"column":28}},"locations":[{"start":{"line":4,"column":10},"end":{"line":6,"column":28}}]},"4":{"type":"branch","line":6,"loc":{"start":{"line":6,"column":30},"end":{"line":12,"column":30}},"locations":[{"start":{"line":6,"column":30},"end":{"line":12,"column":30}}]},"5":{"type":"branch","line":7,"loc":{"start":{"line":7,"column":46},"end":{"line":8,"column":20}},"locations":[{"start":{"line":7,"column":46},"end":{"line":8,"column":20}}]},"6":{"type":"branch","line":9,"loc":{"start":{"line":9,"column":19},"end":{"line":12,"column":24}},"locations":[{"start":{"line":9,"column":19},"end":{"line":12,"column":24}}]},"7":{"type":"branch","line":13,"loc":{"start":{"line":13,"column":23},"end":{"line":15,"column":2}},"locations":[{"start":{"line":13,"column":23},"end":{"line":15,"column":2}}]},"8":{"type":"branch","line":15,"loc":{"start":{"line":15,"column":4},"end":{"line":16,"column":56}},"locations":[{"start":{"line":15,"column":4},"end":{"line":16,"column":56}}]},"9":{"type":"branch","line":17,"loc":{"start":{"line":17,"column":14},"end":{"line":18,"column":2}},"locations":[{"start":{"line":17,"column":14},"end":{"line":18,"column":2}}]},"10":{"type":"branch","line":18,"loc":{"start":{"line":18,"column":4},"end":{"line":19,"column":56}},"locations":[{"start":{"line":18,"column":4},"end":{"line":19,"column":56}}]}},"b":{"0":[1],"1":[1],"2":[5],"3":[4],"4":[2],"5":[1],"6":[1],"7":[4],"8":[2],"9":[1],"10":[1]},"fnMap":{"0":{"name":"getDiffString","decl":{"start":{"line":1,"column":0},"end":{"line":20,"column":13}},"loc":{"start":{"line":1,"column":0},"end":{"line":20,"column":13}},"line":1}},"f":{"0":1}}
,"/Users/romanagarkov/Desktop/hexlet/frontend-project-lvl2/src/readFile.js": {"path":"/Users/romanagarkov/Desktop/hexlet/frontend-project-lvl2/src/readFile.js","all":false,"statementMap":{"0":{"start":{"line":1,"column":0},"end":{"line":1,"column":34}},"1":{"start":{"line":2,"column":0},"end":{"line":2,"column":24}},"2":{"start":{"line":3,"column":0},"end":{"line":3,"column":49}},"3":{"start":{"line":4,"column":0},"end":{"line":4,"column":47}},"4":{"start":{"line":5,"column":0},"end":{"line":5,"column":0}},"5":{"start":{"line":6,"column":0},"end":{"line":6,"column":48}},"6":{"start":{"line":7,"column":0},"end":{"line":7,"column":74}},"7":{"start":{"line":8,"column":0},"end":{"line":8,"column":74}},"8":{"start":{"line":9,"column":0},"end":{"line":9,"column":39}},"9":{"start":{"line":10,"column":0},"end":{"line":10,"column":39}},"10":{"start":{"line":11,"column":0},"end":{"line":11,"column":58}},"11":{"start":{"line":12,"column":0},"end":{"line":12,"column":68}},"12":{"start":{"line":13,"column":0},"end":{"line":13,"column":22}},"13":{"start":{"line":14,"column":0},"end":{"line":14,"column":16}},"14":{"start":{"line":15,"column":0},"end":{"line":15,"column":1}}},"s":{"0":1,"1":1,"2":1,"3":1,"4":1,"5":1,"6":1,"7":1,"8":1,"9":1,"10":1,"11":1,"12":1,"13":1,"14":1},"branchMap":{"0":{"type":"branch","line":1,"loc":{"start":{"line":1,"column":0},"end":{"line":12,"column":22}},"locations":[{"start":{"line":1,"column":0},"end":{"line":12,"column":22}}]},"1":{"type":"branch","line":3,"loc":{"start":{"line":3,"column":25},"end":{"line":12,"column":21}},"locations":[{"start":{"line":3,"column":25},"end":{"line":12,"column":21}}]}},"b":{"0":[1],"1":[1]},"fnMap":{"0":{"name":"readFile","decl":{"start":{"line":3,"column":25},"end":{"line":12,"column":21}},"loc":{"start":{"line":3,"column":25},"end":{"line":12,"column":21}},"line":3}},"f":{"0":1}}
,"/Users/romanagarkov/Desktop/hexlet/frontend-project-lvl2/src/utils/getSortKeys.js": {"path":"/Users/romanagarkov/Desktop/hexlet/frontend-project-lvl2/src/utils/getSortKeys.js","all":false,"statementMap":{"0":{"start":{"line":1,"column":0},"end":{"line":1,"column":23}},"1":{"start":{"line":2,"column":0},"end":{"line":2,"column":0}},"2":{"start":{"line":3,"column":0},"end":{"line":3,"column":49}},"3":{"start":{"line":4,"column":0},"end":{"line":4,"column":34}},"4":{"start":{"line":5,"column":0},"end":{"line":5,"column":34}},"5":{"start":{"line":6,"column":0},"end":{"line":6,"column":60}},"6":{"start":{"line":7,"column":0},"end":{"line":7,"column":27}},"7":{"start":{"line":8,"column":0},"end":{"line":8,"column":1}}},"s":{"0":1,"1":1,"2":1,"3":1,"4":1,"5":1,"6":1,"7":1},"branchMap":{"0":{"type":"branch","line":1,"loc":{"start":{"line":1,"column":0},"end":{"line":6,"column":2}},"locations":[{"start":{"line":1,"column":0},"end":{"line":6,"column":2}}]},"1":{"type":"branch","line":1,"loc":{"start":{"line":1,"column":0},"end":{"line":6,"column":1}},"locations":[{"start":{"line":1,"column":0},"end":{"line":6,"column":1}}]}},"b":{"0":[1],"1":[1]},"fnMap":{"0":{"name":"getSortKeys","decl":{"start":{"line":1,"column":0},"end":{"line":6,"column":1}},"loc":{"start":{"line":1,"column":0},"end":{"line":6,"column":1}},"line":1}},"f":{"0":1}}
,"/Users/romanagarkov/Desktop/hexlet/frontend-project-lvl2/src/utils/isObjectHasProperty.js": {"path":"/Users/romanagarkov/Desktop/hexlet/frontend-project-lvl2/src/utils/isObjectHasProperty.js","all":false,"statementMap":{"0":{"start":{"line":1,"column":0},"end":{"line":1,"column":63}},"1":{"start":{"line":2,"column":0},"end":{"line":2,"column":64}},"2":{"start":{"line":3,"column":0},"end":{"line":3,"column":1}}},"s":{"0":1,"1":1,"2":1},"branchMap":{"0":{"type":"branch","line":1,"loc":{"start":{"line":1,"column":0},"end":{"line":1,"column":42}},"locations":[{"start":{"line":1,"column":0},"end":{"line":1,"column":42}}]},"1":{"type":"branch","line":1,"loc":{"start":{"line":1,"column":0},"end":{"line":1,"column":41}},"locations":[{"start":{"line":1,"column":0},"end":{"line":1,"column":41}}]}},"b":{"0":[1],"1":[24]},"fnMap":{"0":{"name":"isObjectHasProperty","decl":{"start":{"line":1,"column":0},"end":{"line":1,"column":41}},"loc":{"start":{"line":1,"column":0},"end":{"line":1,"column":41}},"line":1}},"f":{"0":24}}
}
