TN:
SF:src/getDiffString.js
FN:1,getDiffString
FNF:1
FNH:1
FNDA:1,getDiffString
DA:1,1
DA:2,1
DA:3,1
DA:4,5
DA:5,4
DA:6,5
DA:7,2
DA:8,2
DA:9,2
DA:10,1
DA:11,1
DA:12,5
DA:13,5
DA:14,4
DA:15,5
DA:16,5
DA:17,5
DA:18,5
DA:19,1
DA:20,1
DA:21,1
DA:22,1
DA:23,1
DA:24,1
DA:25,1
DA:26,1
DA:27,1
LF:27
LH:27
BRDA:1,0,0,1
BRDA:1,1,0,1
BRDA:3,2,0,5
BRDA:4,3,0,4
BRDA:6,4,0,2
BRDA:7,5,0,1
BRDA:9,6,0,1
BRDA:13,7,0,4
BRDA:15,8,0,2
BRDA:17,9,0,1
BRDA:18,10,0,1
BRF:11
BRH:11
end_of_record
TN:
SF:src/readFile.js
FN:3,readFile
FNF:1
FNH:1
FNDA:1,readFile
DA:1,1
DA:2,1
DA:3,1
DA:4,1
DA:5,1
DA:6,1
DA:7,1
DA:8,1
DA:9,1
DA:10,1
DA:11,1
DA:12,1
DA:13,1
DA:14,1
DA:15,1
LF:15
LH:15
BRDA:1,0,0,1
BRDA:3,1,0,1
BRF:2
BRH:2
end_of_record
TN:
SF:src/utils/getSortKeys.js
FN:1,getSortKeys
FNF:1
FNH:1
FNDA:1,getSortKeys
DA:1,1
DA:2,1
DA:3,1
DA:4,1
DA:5,1
DA:6,1
DA:7,1
DA:8,1
LF:8
LH:8
BRDA:1,0,0,1
BRDA:1,1,0,1
BRF:2
BRH:2
end_of_record
TN:
SF:src/utils/isObjectHasProperty.js
FN:1,isObjectHasProperty
FNF:1
FNH:1
FNDA:24,isObjectHasProperty
DA:1,1
DA:2,1
DA:3,1
LF:3
LH:3
BRDA:1,0,0,1
BRDA:1,1,0,24
BRF:2
BRH:2
end_of_record
